<?xml version="1.0" encoding="UTF-8"?>
<!-- Generated by org.testng.reporters.JUnitReportReporter -->
<testsuite hostname="Mukesh" name="testcases.VerifyLoginPageWithReports" tests="1" failures="0" timestamp="29 May 2016 22:33:29 GMT" time="44.039" errors="0">
  <testcase name="testHomePage" time="44.039" classname="testcases.VerifyLoginPageWithReports"/>
</testsuite> <!-- testcases.VerifyLoginPageWithReports -->
