<?xml version="1.0" encoding="UTF-8"?>
<!-- Generated by org.testng.reporters.JUnitReportReporter -->
<testsuite hostname="Mukesh" name="testcases.VerifyHomePage" tests="1" failures="0" timestamp="29 May 2016 22:16:00 GMT" time="23.601" errors="0">
  <testcase name="testHomePage" time="23.601" classname="testcases.VerifyHomePage"/>
</testsuite> <!-- testcases.VerifyHomePage -->
