<?xml version="1.0" encoding="UTF-8"?>
<!-- Generated by org.testng.reporters.JUnitReportReporter -->
<testsuite hostname="Mukesh" name="testcases.StartApplication" tests="1" failures="0" timestamp="13 Jul 2016 15:48:16 GMT" time="55.490" errors="0">
  <testcase name="test1" time="55.490" classname="testcases.StartApplication"/>
</testsuite> <!-- testcases.StartApplication -->
