<?xml version="1.0" encoding="UTF-8"?>
<!-- Generated by org.testng.reporters.JUnitReportReporter -->
<testsuite hostname="Mukesh" name="testcases.StartChrome" tests="1" failures="0" timestamp="12 Jul 2016 17:54:42 GMT" time="43.644" errors="0">
  <testcase name="test1" time="43.644" classname="testcases.StartChrome"/>
</testsuite> <!-- testcases.StartChrome -->
